<?xml version="1.0" encoding="UTF-8"?>
<testng-results skipped="0" failed="0" ignored="0" total="2" passed="2">
  <reporter-output>
  </reporter-output>
  <suite name="Suite" duration-ms="34178" started-at="2018-07-03T10:53:44Z" finished-at="2018-07-03T10:54:18Z">
    <groups>
    </groups>
    <test name="BeforeSuite" duration-ms="4" started-at="2018-07-03T10:53:44Z" finished-at="2018-07-03T10:53:44Z">
    </test> <!-- BeforeSuite -->
    <test name="Test1" duration-ms="22755" started-at="2018-07-03T10:53:44Z" finished-at="2018-07-03T10:54:07Z">
      <class name="testcases.LoginTest">
        <test-method status="PASS" signature="doLogin(java.util.Hashtable)[pri:0, instance:testcases.LoginTest@3b5b47]" name="doLogin" duration-ms="22108" started-at="2018-07-03T16:23:44Z" data-provider="dp" finished-at="2018-07-03T16:24:06Z">
          <params>
            <param index="0">
              <value>
                <![CDATA[{Password=123scorpio, runmode=Y, UserName=soumyansh@gmail.com}]]>
              </value>
            </param>
          </params>
          <reporter-output>
          </reporter-output>
        </test-method> <!-- doLogin -->
      </class> <!-- testcases.LoginTest -->
    </test> <!-- Test1 -->
    <test name="Test2" duration-ms="11384" started-at="2018-07-03T10:54:07Z" finished-at="2018-07-03T10:54:18Z">
      <class name="base.Page">
        <test-method status="PASS" signature="setup()[pri:0, instance:base.Page@1ec71f8]" name="setup" is-config="true" duration-ms="18807" started-at="2018-07-03T16:23:25Z" finished-at="2018-07-03T16:23:44Z">
          <reporter-output>
          </reporter-output>
        </test-method> <!-- setup -->
      </class> <!-- base.Page -->
      <class name="testcases.CreateAccount">
        <test-method status="PASS" signature="CreateAccountTest(java.util.Hashtable)[pri:0, instance:testcases.CreateAccount@5f66e3]" name="CreateAccountTest" duration-ms="11188" started-at="2018-07-03T16:24:07Z" data-provider="dp" finished-at="2018-07-03T16:24:18Z">
          <params>
            <param index="0">
              <value>
                <![CDATA[{MemberName=Soumya Gupta}]]>
              </value>
            </param>
          </params>
          <reporter-output>
          </reporter-output>
        </test-method> <!-- CreateAccountTest -->
        <test-method status="FAIL" signature="tearDown()[pri:0, instance:testcases.CreateAccount@5f66e3]" name="tearDown" is-config="true" duration-ms="1359" started-at="2018-07-03T16:24:18Z" finished-at="2018-07-03T16:24:19Z">
          <exception class="org.openqa.selenium.remote.UnreachableBrowserException">
            <message>
              <![CDATA[Error communicating with the remote browser. It may have died.Build info: version: '3.4.0', revision: 'unknown', time: 'unknown'System info: host: 'SOUMYANSH-PC', ip: '192.168.0.106', os.name: 'Windows 7', os.arch: 'x86', os.version: '6.1', java.version: '1.8.0_162'Driver info: driver.version: RemoteWebDriverCapabilities [{moz:profile=C:\Users\SOUMYA~1\AppData\Local\Temp\rust_mozprofile.ZeVH1Q8XIFj3, rotatable=false, timeouts={implicit=0.0, pageLoad=300000.0, script=30000.0}, pageLoadStrategy=normal, platform=ANY, specificationLevel=0.0, moz:accessibilityChecks=false, acceptInsecureCerts=false, browserVersion=54.0.1, platformVersion=6.1, moz:processID=7288.0, browserName=firefox, javascriptEnabled=true, platformName=windows_nt}]Session ID: 63898821-8f5c-470a-84fc-989dcfc542e8]]>
            </message>
            <full-stacktrace>
              <![CDATA[org.openqa.selenium.remote.UnreachableBrowserException: Error communicating with the remote browser. It may have died.Build info: version: '3.4.0', revision: 'unknown', time: 'unknown'System info: host: 'SOUMYANSH-PC', ip: '192.168.0.106', os.name: 'Windows 7', os.arch: 'x86', os.version: '6.1', java.version: '1.8.0_162'Driver info: driver.version: RemoteWebDriverCapabilities [{moz:profile=C:\Users\SOUMYA~1\AppData\Local\Temp\rust_mozprofile.ZeVH1Q8XIFj3, rotatable=false, timeouts={implicit=0.0, pageLoad=300000.0, script=30000.0}, pageLoadStrategy=normal, platform=ANY, specificationLevel=0.0, moz:accessibilityChecks=false, acceptInsecureCerts=false, browserVersion=54.0.1, platformVersion=6.1, moz:processID=7288.0, browserName=firefox, javascriptEnabled=true, platformName=windows_nt}]Session ID: 63898821-8f5c-470a-84fc-989dcfc542e8at org.openqa.selenium.remote.RemoteWebDriver.execute(RemoteWebDriver.java:658)at org.openqa.selenium.remote.RemoteWebDriver.execute(RemoteWebDriver.java:694)at org.openqa.selenium.remote.RemoteWebDriver.quit(RemoteWebDriver.java:533)at base.Page.Quit(Page.java:117)at base.TestCase.tearDown(TestCase.java:10)at sun.reflect.NativeMethodAccessorImpl.invoke0(Native Method)at sun.reflect.NativeMethodAccessorImpl.invoke(NativeMethodAccessorImpl.java:62)at sun.reflect.DelegatingMethodAccessorImpl.invoke(DelegatingMethodAccessorImpl.java:43)at java.lang.reflect.Method.invoke(Method.java:498)at org.testng.internal.MethodInvocationHelper.invokeMethod(MethodInvocationHelper.java:124)at org.testng.internal.MethodInvocationHelper.invokeMethodConsideringTimeout(MethodInvocationHelper.java:59)at org.testng.internal.Invoker.invokeConfigurationMethod(Invoker.java:451)at org.testng.internal.Invoker.invokeConfigurations(Invoker.java:222)at org.testng.internal.Invoker.invokeConfigurations(Invoker.java:142)at org.testng.SuiteRunner.privateRun(SuiteRunner.java:425)at org.testng.SuiteRunner.run(SuiteRunner.java:364)at org.testng.SuiteRunnerWorker.runSuite(SuiteRunnerWorker.java:52)at org.testng.SuiteRunnerWorker.run(SuiteRunnerWorker.java:84)at org.testng.TestNG.runSuitesSequentially(TestNG.java:1187)at org.testng.TestNG.runSuitesLocally(TestNG.java:1116)at org.testng.TestNG.runSuites(TestNG.java:1028)at org.testng.TestNG.run(TestNG.java:996)at org.apache.maven.surefire.testng.TestNGExecutor.run(TestNGExecutor.java:295)at org.apache.maven.surefire.testng.TestNGXmlTestSuite.execute(TestNGXmlTestSuite.java:84)at org.apache.maven.surefire.testng.TestNGProvider.invoke(TestNGProvider.java:90)at org.apache.maven.surefire.booter.ForkedBooter.invokeProviderInSameClassLoader(ForkedBooter.java:203)at org.apache.maven.surefire.booter.ForkedBooter.runSuitesInProcess(ForkedBooter.java:155)at org.apache.maven.surefire.booter.ForkedBooter.main(ForkedBooter.java:103)Caused by: java.lang.RuntimeException: Process refused to die after 10 seconds, and couldn't taskkill it: exec return code 1: ERROR: Out of memoryat org.openqa.selenium.os.ProcessUtils.killWinProcess(ProcessUtils.java:133)at org.openqa.selenium.os.ProcessUtils.killProcess(ProcessUtils.java:81)at org.openqa.selenium.os.UnixProcess$SeleniumWatchDog.destroyHarder(UnixProcess.java:246)at org.openqa.selenium.os.UnixProcess$SeleniumWatchDog.access$200(UnixProcess.java:200)at org.openqa.selenium.os.UnixProcess.destroy(UnixProcess.java:126)at org.openqa.selenium.os.CommandLine.destroy(CommandLine.java:153)at org.openqa.selenium.remote.service.DriverService.stop(DriverService.java:221)at org.openqa.selenium.remote.service.DriverCommandExecutor.execute(DriverCommandExecutor.java:94)at org.openqa.selenium.remote.RemoteWebDriver.execute(RemoteWebDriver.java:637)... 27 moreCaused by: java.lang.RuntimeException: exec return code 1: ERROR: Out of memoryat org.openqa.selenium.os.WindowsUtils.executeCommand(WindowsUtils.java:64)at org.openqa.selenium.os.WindowsUtils.killPID(WindowsUtils.java:53)at org.openqa.selenium.os.ProcessUtils.killWinProcess(ProcessUtils.java:128)... 35 more]]>
            </full-stacktrace>
          </exception> <!-- org.openqa.selenium.remote.UnreachableBrowserException -->
          <reporter-output>
          </reporter-output>
        </test-method> <!-- tearDown -->
      </class> <!-- testcases.CreateAccount -->
    </test> <!-- Test2 -->
  </suite> <!-- Suite -->
</testng-results>
