<?xml version="1.0" encoding="UTF-8"?>
<!-- Generated by org.testng.reporters.JUnitReportReporter -->
<testsuite skipped="0" hostname="Soumyansh-PC" name="testcases.CreateAccount" tests="2" failures="0" timestamp="03 Jul 2018 10:54:20 GMT" time="12.547" errors="1">
  <testcase name="CreateAccountTest" time="11.188" classname="testcases.CreateAccount"/>
  <testcase name="tearDown" time="1.359" classname="testcases.CreateAccount">
    <error type="org.openqa.selenium.remote.UnreachableBrowserException" message="Error communicating with the remote browser. It may have died.
Build info: version: &#039;3.4.0&#039;, revision: &#039;unknown&#039;, time: &#039;unknown&#039;
System info: host: &#039;SOUMYANSH-PC&#039;, ip: &#039;192.168.0.106&#039;, os.name: &#039;Windows 7&#039;, os.arch: &#039;x86&#039;, os.version: &#039;6.1&#039;, java.version: &#039;1.8.0_162&#039;
Driver info: driver.version: RemoteWebDriver
Capabilities [{moz:profile=C:\Users\SOUMYA~1\AppData\Local\Temp\rust_mozprofile.ZeVH1Q8XIFj3, rotatable=false, timeouts={implicit=0.0, pageLoad=300000.0, script=30000.0}, pageLoadStrategy=normal, platform=ANY, specificationLevel=0.0, moz:accessibilityChecks=false, acceptInsecureCerts=false, browserVersion=54.0.1, platformVersion=6.1, moz:processID=7288.0, browserName=firefox, javascriptEnabled=true, platformName=windows_nt}]
Session ID: 63898821-8f5c-470a-84fc-989dcfc542e8">
      <![CDATA[org.openqa.selenium.remote.UnreachableBrowserException: Error communicating with the remote browser. It may have died.Build info: version: '3.4.0', revision: 'unknown', time: 'unknown'System info: host: 'SOUMYANSH-PC', ip: '192.168.0.106', os.name: 'Windows 7', os.arch: 'x86', os.version: '6.1', java.version: '1.8.0_162'Driver info: driver.version: RemoteWebDriverCapabilities [{moz:profile=C:\Users\SOUMYA~1\AppData\Local\Temp\rust_mozprofile.ZeVH1Q8XIFj3, rotatable=false, timeouts={implicit=0.0, pageLoad=300000.0, script=30000.0}, pageLoadStrategy=normal, platform=ANY, specificationLevel=0.0, moz:accessibilityChecks=false, acceptInsecureCerts=false, browserVersion=54.0.1, platformVersion=6.1, moz:processID=7288.0, browserName=firefox, javascriptEnabled=true, platformName=windows_nt}]Session ID: 63898821-8f5c-470a-84fc-989dcfc542e8at org.openqa.selenium.remote.RemoteWebDriver.execute(RemoteWebDriver.java:658)at org.openqa.selenium.remote.RemoteWebDriver.execute(RemoteWebDriver.java:694)at org.openqa.selenium.remote.RemoteWebDriver.quit(RemoteWebDriver.java:533)at base.Page.Quit(Page.java:117)at base.TestCase.tearDown(TestCase.java:10)at sun.reflect.NativeMethodAccessorImpl.invoke0(Native Method)at sun.reflect.NativeMethodAccessorImpl.invoke(NativeMethodAccessorImpl.java:62)at sun.reflect.DelegatingMethodAccessorImpl.invoke(DelegatingMethodAccessorImpl.java:43)at java.lang.reflect.Method.invoke(Method.java:498)at org.testng.internal.MethodInvocationHelper.invokeMethod(MethodInvocationHelper.java:124)at org.testng.internal.MethodInvocationHelper.invokeMethodConsideringTimeout(MethodInvocationHelper.java:59)at org.testng.internal.Invoker.invokeConfigurationMethod(Invoker.java:451)at org.testng.internal.Invoker.invokeConfigurations(Invoker.java:222)at org.testng.internal.Invoker.invokeConfigurations(Invoker.java:142)at org.testng.SuiteRunner.privateRun(SuiteRunner.java:425)at org.testng.SuiteRunner.run(SuiteRunner.java:364)at org.testng.SuiteRunnerWorker.runSuite(SuiteRunnerWorker.java:52)at org.testng.SuiteRunnerWorker.run(SuiteRunnerWorker.java:84)at org.testng.TestNG.runSuitesSequentially(TestNG.java:1187)at org.testng.TestNG.runSuitesLocally(TestNG.java:1116)at org.testng.TestNG.runSuites(TestNG.java:1028)at org.testng.TestNG.run(TestNG.java:996)at org.apache.maven.surefire.testng.TestNGExecutor.run(TestNGExecutor.java:295)at org.apache.maven.surefire.testng.TestNGXmlTestSuite.execute(TestNGXmlTestSuite.java:84)at org.apache.maven.surefire.testng.TestNGProvider.invoke(TestNGProvider.java:90)at org.apache.maven.surefire.booter.ForkedBooter.invokeProviderInSameClassLoader(ForkedBooter.java:203)at org.apache.maven.surefire.booter.ForkedBooter.runSuitesInProcess(ForkedBooter.java:155)at org.apache.maven.surefire.booter.ForkedBooter.main(ForkedBooter.java:103)Caused by: java.lang.RuntimeException: Process refused to die after 10 seconds, and couldn't taskkill it: exec return code 1: ERROR: Out of memoryat org.openqa.selenium.os.ProcessUtils.killWinProcess(ProcessUtils.java:133)at org.openqa.selenium.os.ProcessUtils.killProcess(ProcessUtils.java:81)at org.openqa.selenium.os.UnixProcess$SeleniumWatchDog.destroyHarder(UnixProcess.java:246)at org.openqa.selenium.os.UnixProcess$SeleniumWatchDog.access$200(UnixProcess.java:200)at org.openqa.selenium.os.UnixProcess.destroy(UnixProcess.java:126)at org.openqa.selenium.os.CommandLine.destroy(CommandLine.java:153)at org.openqa.selenium.remote.service.DriverService.stop(DriverService.java:221)at org.openqa.selenium.remote.service.DriverCommandExecutor.execute(DriverCommandExecutor.java:94)at org.openqa.selenium.remote.RemoteWebDriver.execute(RemoteWebDriver.java:637)... 27 moreCaused by: java.lang.RuntimeException: exec return code 1: ERROR: Out of memoryat org.openqa.selenium.os.WindowsUtils.executeCommand(WindowsUtils.java:64)at org.openqa.selenium.os.WindowsUtils.killPID(WindowsUtils.java:53)at org.openqa.selenium.os.ProcessUtils.killWinProcess(ProcessUtils.java:128)... 35 more]]>
    </error>
  </testcase> <!-- tearDown -->
</testsuite> <!-- testcases.CreateAccount -->
